2018.07.17 19:11:31
Имя: значение не указано
Телефон: 103
Адрес страницы: http://lp.local/

2018.07.17 19:21:04
Имя: 123123
Телефон: dasdasd
Адрес страницы: http://lp.local/

2018.07.17 19:22:35
Имя: 123123
Телефон: 123123123
Адрес страницы: http://lp.local/

2018.07.17 19:25:21
Имя: Вася Пупкин
Телефон: 103
Адрес страницы: http://lp.local/

2018.07.17 19:29:34
Имя: 12у
Телефон: 12у
Дополнительная информация: Услуга 4
Адрес страницы: http://lp.local/

2018.07.17 19:42:29
Имя: значение не указано
Телефон: 123123
Почта: значение не указано
Сообщение: 123123
Адрес страницы: http://lp.local/

2018.07.17 19:59:27
Имя: значение не указано
Телефон: er
Почта: значение не указано
Сообщение: значение не указано
Адрес страницы: http://lp.local/

2018.07.17 19:59:31
Имя: значение не указано
Телефон: 1
Почта: значение не указано
Сообщение: значение не указано
Адрес страницы: http://lp.local/

2018.07.17 20:00:50
Имя: значение не указано
Телефон: 103
Почта: dd@ss.ru
Сообщение: значение не указано
Адрес страницы: http://lp.local/

2018.07.17 20:20:07
Имя: КТ1231232
Телефон: 123
Почта: значение не указано
Сообщение: значение не указано
Адрес страницы: http://lp.local/

2018.07.17 21:14:16
Имя: 1
Телефон: 1
Почта: значение не указано
Сообщение: 1
Адрес страницы: http://lp.local/

2018.07.17 21:14:24
Имя: значение не указано
Телефон: 3
Дополнительная информация: Услуга 1
Адрес страницы: http://lp.local/

